#! /usr/bin/vvp
:ivl_version "12.0 (stable)";
:ivl_delay_selection "TYPICAL";
:vpi_time_precision - 10;
:vpi_module "/usr/lib/x86_64-linux-gnu/ivl/system.vpi";
:vpi_module "/usr/lib/x86_64-linux-gnu/ivl/vhdl_sys.vpi";
:vpi_module "/usr/lib/x86_64-linux-gnu/ivl/vhdl_textio.vpi";
:vpi_module "/usr/lib/x86_64-linux-gnu/ivl/v2005_math.vpi";
:vpi_module "/usr/lib/x86_64-linux-gnu/ivl/va_math.vpi";
S_0x581ca89a1320 .scope module, "Adder_tb" "Adder_tb" 2 3;
 .timescale -9 -10;
v0x581ca89cc080_0 .var/i "FAILED", 31 0;
v0x581ca89cc180_0 .var/i "PASSED", 31 0;
v0x581ca89cc260_0 .var "clk", 0 0;
v0x581ca89cc330_0 .var "in", 31 0;
v0x581ca89cc400_0 .net "out", 31 0, L_0x581ca89cc5c0;  1 drivers
v0x581ca89cc4f0_0 .var "rst", 0 0;
S_0x581ca897a490 .scope module, "adderU" "adder" 2 9, 3 3 0, S_0x581ca89a1320;
 .timescale -9 -10;
    .port_info 0 /INPUT 1 "clk";
    .port_info 1 /INPUT 1 "rst";
    .port_info 2 /INPUT 32 "in";
    .port_info 3 /OUTPUT 32 "out";
v0x581ca897a6e0_0 .var "acc", 31 0;
v0x581ca89cbc60_0 .net "clk", 0 0, v0x581ca89cc260_0;  1 drivers
v0x581ca89cbd20_0 .net "in", 31 0, v0x581ca89cc330_0;  1 drivers
v0x581ca89cbe10_0 .net "out", 31 0, L_0x581ca89cc5c0;  alias, 1 drivers
v0x581ca89cbef0_0 .net "rst", 0 0, v0x581ca89cc4f0_0;  1 drivers
E_0x581ca89b51c0 .event posedge, v0x581ca89cbc60_0;
L_0x581ca89cc5c0 .arith/sum 32, v0x581ca89cc330_0, v0x581ca897a6e0_0;
    .scope S_0x581ca897a490;
T_0 ;
    %wait E_0x581ca89b51c0;
    %load/vec4 v0x581ca89cbef0_0;
    %flag_set/vec4 8;
    %jmp/0xz  T_0.0, 8;
    %pushi/vec4 0, 0, 32;
    %assign/vec4 v0x581ca897a6e0_0, 0;
    %jmp T_0.1;
T_0.0 ;
    %load/vec4 v0x581ca89cbe10_0;
    %assign/vec4 v0x581ca897a6e0_0, 0;
T_0.1 ;
    %jmp T_0;
    .thread T_0;
    .scope S_0x581ca89a1320;
T_1 ;
    %pushi/vec4 0, 0, 1;
    %store/vec4 v0x581ca89cc260_0, 0, 1;
T_1.0 ;
    %delay 50, 0;
    %load/vec4 v0x581ca89cc260_0;
    %inv;
    %store/vec4 v0x581ca89cc260_0, 0, 1;
    %jmp T_1.0;
    %end;
    .thread T_1;
    .scope S_0x581ca89a1320;
T_2 ;
    %vpi_call 2 19 "$dumpfile", "waveform.vcd" {0 0 0};
    %vpi_call 2 20 "$dumpvars", 32'sb00000000000000000000000000000000, S_0x581ca89a1320 {0 0 0};
    %end;
    .thread T_2;
    .scope S_0x581ca89a1320;
T_3 ;
    %pushi/vec4 0, 0, 32;
    %store/vec4 v0x581ca89cc180_0, 0, 32;
    %pushi/vec4 0, 0, 32;
    %store/vec4 v0x581ca89cc080_0, 0, 32;
    %pushi/vec4 1, 0, 1;
    %store/vec4 v0x581ca89cc4f0_0, 0, 1;
    %delay 160, 0;
    %pushi/vec4 0, 0, 1;
    %store/vec4 v0x581ca89cc4f0_0, 0, 1;
    %pushi/vec4 1, 0, 32;
    %store/vec4 v0x581ca89cc330_0, 0, 32;
    %delay 10, 0;
    %load/vec4 v0x581ca89cc400_0;
    %cmpi/e 1, 0, 32;
    %jmp/0xz  T_3.0, 4;
    %load/vec4 v0x581ca89cc180_0;
    %addi 1, 0, 32;
    %store/vec4 v0x581ca89cc180_0, 0, 32;
    %jmp T_3.1;
T_3.0 ;
    %load/vec4 v0x581ca89cc080_0;
    %addi 1, 0, 32;
    %store/vec4 v0x581ca89cc080_0, 0, 32;
T_3.1 ;
    %delay 90, 0;
    %pushi/vec4 2, 0, 32;
    %store/vec4 v0x581ca89cc330_0, 0, 32;
    %delay 10, 0;
    %load/vec4 v0x581ca89cc400_0;
    %cmpi/e 3, 0, 32;
    %jmp/0xz  T_3.2, 4;
    %load/vec4 v0x581ca89cc180_0;
    %addi 1, 0, 32;
    %store/vec4 v0x581ca89cc180_0, 0, 32;
    %jmp T_3.3;
T_3.2 ;
    %load/vec4 v0x581ca89cc080_0;
    %addi 1, 0, 32;
    %store/vec4 v0x581ca89cc080_0, 0, 32;
T_3.3 ;
    %delay 90, 0;
    %pushi/vec4 5, 0, 32;
    %store/vec4 v0x581ca89cc330_0, 0, 32;
    %delay 10, 0;
    %load/vec4 v0x581ca89cc400_0;
    %cmpi/e 8, 0, 32;
    %jmp/0xz  T_3.4, 4;
    %load/vec4 v0x581ca89cc180_0;
    %addi 1, 0, 32;
    %store/vec4 v0x581ca89cc180_0, 0, 32;
    %jmp T_3.5;
T_3.4 ;
    %load/vec4 v0x581ca89cc080_0;
    %addi 1, 0, 32;
    %store/vec4 v0x581ca89cc080_0, 0, 32;
T_3.5 ;
    %vpi_call 2 43 "$display", "PASSED: %d, FAILED: %d", v0x581ca89cc180_0, v0x581ca89cc080_0 {0 0 0};
    %vpi_call 2 44 "$finish" {0 0 0};
    %end;
    .thread T_3;
# The file index is used to find the file name in the following table.
:file_names 4;
    "N/A";
    "<interactive>";
    "adder_tb.v";
    "adder.v";
