#! /usr/bin/vvp
:ivl_version "12.0 (stable)";
:ivl_delay_selection "TYPICAL";
:vpi_time_precision - 12;
:vpi_module "/usr/lib/x86_64-linux-gnu/ivl/system.vpi";
:vpi_module "/usr/lib/x86_64-linux-gnu/ivl/vhdl_sys.vpi";
:vpi_module "/usr/lib/x86_64-linux-gnu/ivl/vhdl_textio.vpi";
:vpi_module "/usr/lib/x86_64-linux-gnu/ivl/v2005_math.vpi";
:vpi_module "/usr/lib/x86_64-linux-gnu/ivl/va_math.vpi";
S_0x5587d956bc60 .scope module, "TOP_tb" "TOP_tb" 2 4;
 .timescale -9 -12;
P_0x5587d9574fe0 .param/l "TEST_SIZE" 0 2 5, +C4<00000000000000000010011100010000>;
v0x5587d95ae430_0 .var/i "FAILED", 31 0;
v0x5587d95ae530_0 .var/i "PASSED", 31 0;
v0x5587d95ae610_0 .var "RegWrite", 0 0;
v0x5587d95ae700 .array "RegWrite_mem", 9999 0, 0 0;
v0x5587d95ae7a0_0 .var "clk", 0 0;
v0x5587d95ae8e0_0 .var "funct", 3 0;
v0x5587d95ae9d0 .array "funct_mem", 9999 0, 3 0;
v0x5587d95aea90_0 .var/i "i", 31 0;
v0x5587d95aeb70_0 .var "rd_addr1", 4 0;
v0x5587d95aecc0 .array "rd_addr1_mem", 9999 0, 4 0;
v0x5587d95aed80_0 .var "rd_addr2", 4 0;
v0x5587d95aee90 .array "rd_addr2_mem", 9999 0, 4 0;
v0x5587d95aef50_0 .net "rd_data1", 31 0, v0x5587d95acfe0_0;  1 drivers
v0x5587d95af010 .array "rd_data1_mem", 9999 0, 31 0;
v0x5587d95af0d0_0 .net "rd_data2", 31 0, L_0x5587d95afb70;  1 drivers
v0x5587d95af190 .array "rd_data2_mem", 9999 0, 31 0;
v0x5587d95af250_0 .var "rst", 0 0;
v0x5587d95af450_0 .var "shamt", 4 0;
v0x5587d95af560 .array "shamt_mem", 9999 0, 4 0;
v0x5587d95af620_0 .var "wr_addr", 4 0;
v0x5587d95af730 .array "wr_addr_mem", 9999 0, 4 0;
v0x5587d95af7f0_0 .net "wr_data", 31 0, v0x5587d95ac000_0;  1 drivers
v0x5587d95af8b0 .array "wr_data_mem", 9999 0, 31 0;
S_0x5587d95681b0 .scope task, "Test" "Test" 2 61, 2 61 0, S_0x5587d956bc60;
 .timescale -9 -12;
v0x5587d95814b0_0 .var "RegWrite_in", 0 0;
v0x5587d95ab4f0_0 .var "funct_in", 5 0;
v0x5587d95ab5d0_0 .var "rd_addr1_in", 4 0;
v0x5587d95ab690_0 .var "rd_addr2_in", 4 0;
v0x5587d95ab770_0 .var "rd_data1_in", 31 0;
v0x5587d95ab8a0_0 .var "rd_data2_in", 31 0;
v0x5587d95ab980_0 .var "shamt_in", 4 0;
v0x5587d95aba60_0 .var "wr_addr_in", 4 0;
v0x5587d95abb40_0 .var "wr_data_in", 31 0;
TD_TOP_tb.Test ;
    %delay 1000, 0;
    %load/vec4 v0x5587d95ab5d0_0;
    %store/vec4 v0x5587d95aeb70_0, 0, 5;
    %load/vec4 v0x5587d95ab690_0;
    %store/vec4 v0x5587d95aed80_0, 0, 5;
    %load/vec4 v0x5587d95aba60_0;
    %store/vec4 v0x5587d95af620_0, 0, 5;
    %load/vec4 v0x5587d95ab980_0;
    %store/vec4 v0x5587d95af450_0, 0, 5;
    %load/vec4 v0x5587d95ab4f0_0;
    %pad/u 4;
    %store/vec4 v0x5587d95ae8e0_0, 0, 4;
    %load/vec4 v0x5587d95814b0_0;
    %store/vec4 v0x5587d95ae610_0, 0, 1;
    %delay 1000, 0;
    %load/vec4 v0x5587d95aef50_0;
    %load/vec4 v0x5587d95ab770_0;
    %cmp/e;
    %flag_get/vec4 4;
    %jmp/0 T_0.3, 4;
    %load/vec4 v0x5587d95af0d0_0;
    %load/vec4 v0x5587d95ab8a0_0;
    %cmp/e;
    %flag_get/vec4 4;
    %and;
T_0.3;
    %flag_set/vec4 9;
    %flag_get/vec4 9;
    %jmp/0 T_0.2, 9;
    %load/vec4 v0x5587d95af7f0_0;
    %load/vec4 v0x5587d95abb40_0;
    %cmp/e;
    %flag_get/vec4 4;
    %and;
T_0.2;
    %flag_set/vec4 8;
    %jmp/0xz  T_0.0, 8;
    %vpi_call 2 84 "$display", "PASSED" {0 0 0};
    %load/vec4 v0x5587d95ae530_0;
    %addi 1, 0, 32;
    %store/vec4 v0x5587d95ae530_0, 0, 32;
    %jmp T_0.1;
T_0.0 ;
    %vpi_call 2 88 "$display", "FAILED" {0 0 0};
    %vpi_call 2 89 "$display", "rd_addr1 = %d ", v0x5587d95aeb70_0 {0 0 0};
    %vpi_call 2 90 "$display", "rd_data1 = %h (Ans : %h) ", v0x5587d95aef50_0, v0x5587d95ab770_0, "rd_data2 = %h (Ans : %h) ", v0x5587d95af0d0_0, v0x5587d95ab8a0_0, "wr_data = %h (Ans : %h)", v0x5587d95af7f0_0, v0x5587d95abb40_0 {0 0 0};
    %load/vec4 v0x5587d95ae430_0;
    %addi 1, 0, 32;
    %store/vec4 v0x5587d95ae430_0, 0, 32;
T_0.1 ;
    %delay 8000, 0;
    %end;
S_0x5587d95abc20 .scope module, "top_u" "TOP" 2 46, 3 3 0, S_0x5587d956bc60;
 .timescale -9 -10;
    .port_info 0 /INPUT 1 "clk";
    .port_info 1 /INPUT 1 "rst";
    .port_info 2 /INPUT 5 "rd_addr1";
    .port_info 3 /INPUT 5 "rd_addr2";
    .port_info 4 /INPUT 1 "RegWrite";
    .port_info 5 /INPUT 5 "wr_addr";
    .port_info 6 /INPUT 5 "shamt";
    .port_info 7 /INPUT 4 "funct";
    .port_info 8 /OUTPUT 32 "rd_data1";
    .port_info 9 /OUTPUT 32 "rd_data2";
    .port_info 10 /OUTPUT 32 "wr_data";
v0x5587d95ad940_0 .net "RegWrite", 0 0, v0x5587d95ae610_0;  1 drivers
v0x5587d95ada30_0 .net "clk", 0 0, v0x5587d95ae7a0_0;  1 drivers
v0x5587d95adb00_0 .net "funct", 3 0, v0x5587d95ae8e0_0;  1 drivers
v0x5587d95adc00_0 .net "rd_addr1", 4 0, v0x5587d95aeb70_0;  1 drivers
v0x5587d95adcd0_0 .net "rd_addr2", 4 0, v0x5587d95aed80_0;  1 drivers
v0x5587d95add70_0 .net "rd_data1", 31 0, v0x5587d95acfe0_0;  alias, 1 drivers
v0x5587d95ade60_0 .net "rd_data2", 31 0, L_0x5587d95afb70;  alias, 1 drivers
v0x5587d95adf50_0 .net "rst", 0 0, v0x5587d95af250_0;  1 drivers
v0x5587d95adff0_0 .net "shamt", 4 0, v0x5587d95af450_0;  1 drivers
v0x5587d95ae120_0 .net "wr_addr", 4 0, v0x5587d95af620_0;  1 drivers
v0x5587d95ae1f0_0 .net "wr_data", 31 0, v0x5587d95ac000_0;  alias, 1 drivers
S_0x5587d95abdd0 .scope module, "ALU_u" "ALU" 3 38, 4 5 0, S_0x5587d95abc20;
 .timescale -9 -12;
    .port_info 0 /INPUT 32 "operand1";
    .port_info 1 /INPUT 32 "operand2";
    .port_info 2 /INPUT 5 "shamt";
    .port_info 3 /INPUT 4 "funct";
    .port_info 4 /OUTPUT 32 "alu_result";
v0x5587d95ac000_0 .var "alu_result", 31 0;
v0x5587d95ac100_0 .net "funct", 3 0, v0x5587d95ae8e0_0;  alias, 1 drivers
v0x5587d95ac1e0_0 .net "operand1", 31 0, v0x5587d95acfe0_0;  alias, 1 drivers
v0x5587d95ac2a0_0 .net "operand2", 31 0, L_0x5587d95afb70;  alias, 1 drivers
v0x5587d95ac380_0 .net "shamt", 4 0, v0x5587d95af450_0;  alias, 1 drivers
E_0x5587d9536f80 .event anyedge, v0x5587d95ac100_0, v0x5587d95ac1e0_0, v0x5587d95ac2a0_0, v0x5587d95ac380_0;
S_0x5587d95ac550 .scope module, "RF_u" "RF" 3 26, 5 3 0, S_0x5587d95abc20;
 .timescale -9 -10;
    .port_info 0 /INPUT 1 "clk";
    .port_info 1 /INPUT 1 "rst";
    .port_info 2 /INPUT 5 "rd_addr1";
    .port_info 3 /INPUT 5 "rd_addr2";
    .port_info 4 /OUTPUT 32 "rd_data1";
    .port_info 5 /OUTPUT 32 "rd_data2";
    .port_info 6 /INPUT 1 "RegWrite";
    .port_info 7 /INPUT 5 "wr_addr";
    .port_info 8 /INPUT 32 "wr_data";
L_0x5587d95afb70 .functor BUFZ 32, L_0x5587d95af970, C4<00000000000000000000000000000000>, C4<00000000000000000000000000000000>, C4<00000000000000000000000000000000>;
v0x5587d95ac9b0_0 .net "RegWrite", 0 0, v0x5587d95ae610_0;  alias, 1 drivers
v0x5587d95aca90_0 .net *"_ivl_0", 31 0, L_0x5587d95af970;  1 drivers
v0x5587d95acb70_0 .net *"_ivl_2", 6 0, L_0x5587d95afa30;  1 drivers
L_0x7fb9678d6018 .functor BUFT 1, C4<00>, C4<0>, C4<0>, C4<0>;
v0x5587d95acc30_0 .net *"_ivl_5", 1 0, L_0x7fb9678d6018;  1 drivers
v0x5587d95acd10_0 .net "clk", 0 0, v0x5587d95ae7a0_0;  alias, 1 drivers
v0x5587d95ace20_0 .net "rd_addr1", 4 0, v0x5587d95aeb70_0;  alias, 1 drivers
v0x5587d95acf00_0 .net "rd_addr2", 4 0, v0x5587d95aed80_0;  alias, 1 drivers
v0x5587d95acfe0_0 .var "rd_data1", 31 0;
v0x5587d95ad0a0_0 .net "rd_data2", 31 0, L_0x5587d95afb70;  alias, 1 drivers
v0x5587d95ad140 .array "register_file", 31 0, 31 0;
v0x5587d95ad5e0_0 .net "rst", 0 0, v0x5587d95af250_0;  alias, 1 drivers
v0x5587d95ad6a0_0 .net "wr_addr", 4 0, v0x5587d95af620_0;  alias, 1 drivers
v0x5587d95ad780_0 .net "wr_data", 31 0, v0x5587d95ac000_0;  alias, 1 drivers
E_0x5587d956f510 .event posedge, v0x5587d95acd10_0;
v0x5587d95ad140_0 .array/port v0x5587d95ad140, 0;
v0x5587d95ad140_1 .array/port v0x5587d95ad140, 1;
v0x5587d95ad140_2 .array/port v0x5587d95ad140, 2;
E_0x5587d955a210/0 .event anyedge, v0x5587d95ace20_0, v0x5587d95ad140_0, v0x5587d95ad140_1, v0x5587d95ad140_2;
v0x5587d95ad140_3 .array/port v0x5587d95ad140, 3;
v0x5587d95ad140_4 .array/port v0x5587d95ad140, 4;
v0x5587d95ad140_5 .array/port v0x5587d95ad140, 5;
v0x5587d95ad140_6 .array/port v0x5587d95ad140, 6;
E_0x5587d955a210/1 .event anyedge, v0x5587d95ad140_3, v0x5587d95ad140_4, v0x5587d95ad140_5, v0x5587d95ad140_6;
v0x5587d95ad140_7 .array/port v0x5587d95ad140, 7;
v0x5587d95ad140_8 .array/port v0x5587d95ad140, 8;
v0x5587d95ad140_9 .array/port v0x5587d95ad140, 9;
v0x5587d95ad140_10 .array/port v0x5587d95ad140, 10;
E_0x5587d955a210/2 .event anyedge, v0x5587d95ad140_7, v0x5587d95ad140_8, v0x5587d95ad140_9, v0x5587d95ad140_10;
v0x5587d95ad140_11 .array/port v0x5587d95ad140, 11;
v0x5587d95ad140_12 .array/port v0x5587d95ad140, 12;
v0x5587d95ad140_13 .array/port v0x5587d95ad140, 13;
v0x5587d95ad140_14 .array/port v0x5587d95ad140, 14;
E_0x5587d955a210/3 .event anyedge, v0x5587d95ad140_11, v0x5587d95ad140_12, v0x5587d95ad140_13, v0x5587d95ad140_14;
v0x5587d95ad140_15 .array/port v0x5587d95ad140, 15;
v0x5587d95ad140_16 .array/port v0x5587d95ad140, 16;
v0x5587d95ad140_17 .array/port v0x5587d95ad140, 17;
v0x5587d95ad140_18 .array/port v0x5587d95ad140, 18;
E_0x5587d955a210/4 .event anyedge, v0x5587d95ad140_15, v0x5587d95ad140_16, v0x5587d95ad140_17, v0x5587d95ad140_18;
v0x5587d95ad140_19 .array/port v0x5587d95ad140, 19;
v0x5587d95ad140_20 .array/port v0x5587d95ad140, 20;
v0x5587d95ad140_21 .array/port v0x5587d95ad140, 21;
v0x5587d95ad140_22 .array/port v0x5587d95ad140, 22;
E_0x5587d955a210/5 .event anyedge, v0x5587d95ad140_19, v0x5587d95ad140_20, v0x5587d95ad140_21, v0x5587d95ad140_22;
v0x5587d95ad140_23 .array/port v0x5587d95ad140, 23;
v0x5587d95ad140_24 .array/port v0x5587d95ad140, 24;
v0x5587d95ad140_25 .array/port v0x5587d95ad140, 25;
v0x5587d95ad140_26 .array/port v0x5587d95ad140, 26;
E_0x5587d955a210/6 .event anyedge, v0x5587d95ad140_23, v0x5587d95ad140_24, v0x5587d95ad140_25, v0x5587d95ad140_26;
v0x5587d95ad140_27 .array/port v0x5587d95ad140, 27;
v0x5587d95ad140_28 .array/port v0x5587d95ad140, 28;
v0x5587d95ad140_29 .array/port v0x5587d95ad140, 29;
v0x5587d95ad140_30 .array/port v0x5587d95ad140, 30;
E_0x5587d955a210/7 .event anyedge, v0x5587d95ad140_27, v0x5587d95ad140_28, v0x5587d95ad140_29, v0x5587d95ad140_30;
v0x5587d95ad140_31 .array/port v0x5587d95ad140, 31;
E_0x5587d955a210/8 .event anyedge, v0x5587d95ad140_31;
E_0x5587d955a210 .event/or E_0x5587d955a210/0, E_0x5587d955a210/1, E_0x5587d955a210/2, E_0x5587d955a210/3, E_0x5587d955a210/4, E_0x5587d955a210/5, E_0x5587d955a210/6, E_0x5587d955a210/7, E_0x5587d955a210/8;
L_0x5587d95af970 .array/port v0x5587d95ad140, L_0x5587d95afa30;
L_0x5587d95afa30 .concat [ 5 2 0 0], v0x5587d95aed80_0, L_0x7fb9678d6018;
    .scope S_0x5587d95ac550;
T_1 ;
    %wait E_0x5587d955a210;
    %load/vec4 v0x5587d95ace20_0;
    %pad/u 7;
    %ix/vec4 4;
    %load/vec4a v0x5587d95ad140, 4;
    %store/vec4 v0x5587d95acfe0_0, 0, 32;
    %jmp T_1;
    .thread T_1, $push;
    .scope S_0x5587d95ac550;
T_2 ;
    %wait E_0x5587d956f510;
    %load/vec4 v0x5587d95ad5e0_0;
    %flag_set/vec4 8;
    %jmp/0xz  T_2.0, 8;
    %vpi_call 5 29 "$readmemh", "initial_reg.mem", v0x5587d95ad140 {0 0 0};
    %jmp T_2.1;
T_2.0 ;
    %load/vec4 v0x5587d95ac9b0_0;
    %flag_set/vec4 8;
    %jmp/0xz  T_2.2, 8;
    %load/vec4 v0x5587d95ad780_0;
    %load/vec4 v0x5587d95ad6a0_0;
    %pad/u 7;
    %ix/vec4 3;
    %ix/load 4, 0, 0; Constant delay
    %assign/vec4/a/d v0x5587d95ad140, 0, 4;
T_2.2 ;
T_2.1 ;
    %jmp T_2;
    .thread T_2;
    .scope S_0x5587d95abdd0;
T_3 ;
    %wait E_0x5587d9536f80;
    %load/vec4 v0x5587d95ac100_0;
    %dup/vec4;
    %pushi/vec4 0, 0, 4;
    %cmp/u;
    %jmp/1 T_3.0, 6;
    %dup/vec4;
    %pushi/vec4 1, 0, 4;
    %cmp/u;
    %jmp/1 T_3.1, 6;
    %dup/vec4;
    %pushi/vec4 2, 0, 4;
    %cmp/u;
    %jmp/1 T_3.2, 6;
    %dup/vec4;
    %pushi/vec4 3, 0, 4;
    %cmp/u;
    %jmp/1 T_3.3, 6;
    %dup/vec4;
    %pushi/vec4 4, 0, 4;
    %cmp/u;
    %jmp/1 T_3.4, 6;
    %dup/vec4;
    %pushi/vec4 5, 0, 4;
    %cmp/u;
    %jmp/1 T_3.5, 6;
    %dup/vec4;
    %pushi/vec4 6, 0, 4;
    %cmp/u;
    %jmp/1 T_3.6, 6;
    %dup/vec4;
    %pushi/vec4 7, 0, 4;
    %cmp/u;
    %jmp/1 T_3.7, 6;
    %dup/vec4;
    %pushi/vec4 8, 0, 4;
    %cmp/u;
    %jmp/1 T_3.8, 6;
    %dup/vec4;
    %pushi/vec4 9, 0, 4;
    %cmp/u;
    %jmp/1 T_3.9, 6;
    %dup/vec4;
    %pushi/vec4 10, 0, 4;
    %cmp/u;
    %jmp/1 T_3.10, 6;
    %dup/vec4;
    %pushi/vec4 11, 0, 4;
    %cmp/u;
    %jmp/1 T_3.11, 6;
    %dup/vec4;
    %pushi/vec4 12, 0, 4;
    %cmp/u;
    %jmp/1 T_3.12, 6;
    %dup/vec4;
    %pushi/vec4 13, 0, 4;
    %cmp/u;
    %jmp/1 T_3.13, 6;
    %jmp T_3.15;
T_3.0 ;
    %load/vec4 v0x5587d95ac1e0_0;
    %load/vec4 v0x5587d95ac2a0_0;
    %add;
    %store/vec4 v0x5587d95ac000_0, 0, 32;
    %jmp T_3.15;
T_3.1 ;
    %load/vec4 v0x5587d95ac1e0_0;
    %load/vec4 v0x5587d95ac2a0_0;
    %and;
    %store/vec4 v0x5587d95ac000_0, 0, 32;
    %jmp T_3.15;
T_3.2 ;
    %load/vec4 v0x5587d95ac1e0_0;
    %load/vec4 v0x5587d95ac2a0_0;
    %or;
    %inv;
    %store/vec4 v0x5587d95ac000_0, 0, 32;
    %jmp T_3.15;
T_3.3 ;
    %load/vec4 v0x5587d95ac1e0_0;
    %load/vec4 v0x5587d95ac2a0_0;
    %or;
    %store/vec4 v0x5587d95ac000_0, 0, 32;
    %jmp T_3.15;
T_3.4 ;
    %load/vec4 v0x5587d95ac2a0_0;
    %ix/getv 4, v0x5587d95ac380_0;
    %shiftl 4;
    %store/vec4 v0x5587d95ac000_0, 0, 32;
    %jmp T_3.15;
T_3.5 ;
    %load/vec4 v0x5587d95ac2a0_0;
    %ix/getv 4, v0x5587d95ac380_0;
    %shiftr/s 4;
    %store/vec4 v0x5587d95ac000_0, 0, 32;
    %jmp T_3.15;
T_3.6 ;
    %load/vec4 v0x5587d95ac2a0_0;
    %ix/getv 4, v0x5587d95ac380_0;
    %shiftr 4;
    %store/vec4 v0x5587d95ac000_0, 0, 32;
    %jmp T_3.15;
T_3.7 ;
    %load/vec4 v0x5587d95ac1e0_0;
    %load/vec4 v0x5587d95ac2a0_0;
    %sub;
    %store/vec4 v0x5587d95ac000_0, 0, 32;
    %jmp T_3.15;
T_3.8 ;
    %load/vec4 v0x5587d95ac1e0_0;
    %load/vec4 v0x5587d95ac2a0_0;
    %xor;
    %store/vec4 v0x5587d95ac000_0, 0, 32;
    %jmp T_3.15;
T_3.9 ;
    %load/vec4 v0x5587d95ac1e0_0;
    %load/vec4 v0x5587d95ac2a0_0;
    %cmp/s;
    %flag_get/vec4 5;
    %pad/u 32;
    %store/vec4 v0x5587d95ac000_0, 0, 32;
    %jmp T_3.15;
T_3.10 ;
    %load/vec4 v0x5587d95ac1e0_0;
    %load/vec4 v0x5587d95ac2a0_0;
    %cmp/u;
    %flag_get/vec4 5;
    %pad/u 32;
    %store/vec4 v0x5587d95ac000_0, 0, 32;
    %jmp T_3.15;
T_3.11 ;
    %load/vec4 v0x5587d95ac1e0_0;
    %load/vec4 v0x5587d95ac2a0_0;
    %cmp/e;
    %flag_get/vec4 4;
    %pad/u 32;
    %store/vec4 v0x5587d95ac000_0, 0, 32;
    %jmp T_3.15;
T_3.12 ;
    %load/vec4 v0x5587d95ac1e0_0;
    %load/vec4 v0x5587d95ac2a0_0;
    %cmp/ne;
    %flag_get/vec4 4;
    %pad/u 32;
    %store/vec4 v0x5587d95ac000_0, 0, 32;
    %jmp T_3.15;
T_3.13 ;
    %load/vec4 v0x5587d95ac2a0_0;
    %parti/s 16, 0, 2;
    %concati/vec4 0, 0, 16;
    %store/vec4 v0x5587d95ac000_0, 0, 32;
    %jmp T_3.15;
T_3.15 ;
    %pop/vec4 1;
    %jmp T_3;
    .thread T_3, $push;
    .scope S_0x5587d956bc60;
T_4 ;
    %vpi_call 2 35 "$readmemb", "rd_addr1.mem", v0x5587d95aecc0 {0 0 0};
    %vpi_call 2 36 "$readmemb", "rd_addr2.mem", v0x5587d95aee90 {0 0 0};
    %vpi_call 2 37 "$readmemb", "wr_addr.mem", v0x5587d95af730 {0 0 0};
    %vpi_call 2 38 "$readmemb", "shamt.mem", v0x5587d95af560 {0 0 0};
    %vpi_call 2 39 "$readmemb", "funct.mem", v0x5587d95ae9d0 {0 0 0};
    %vpi_call 2 40 "$readmemb", "regwr.mem", v0x5587d95ae700 {0 0 0};
    %vpi_call 2 41 "$readmemh", "rd_data1.mem", v0x5587d95af010 {0 0 0};
    %vpi_call 2 42 "$readmemh", "rd_data2.mem", v0x5587d95af190 {0 0 0};
    %vpi_call 2 43 "$readmemh", "wr_data.mem", v0x5587d95af8b0 {0 0 0};
    %end;
    .thread T_4;
    .scope S_0x5587d956bc60;
T_5 ;
    %pushi/vec4 0, 0, 1;
    %store/vec4 v0x5587d95ae7a0_0, 0, 1;
T_5.0 ;
    %delay 5000, 0;
    %load/vec4 v0x5587d95ae7a0_0;
    %inv;
    %store/vec4 v0x5587d95ae7a0_0, 0, 1;
    %jmp T_5.0;
    %end;
    .thread T_5;
    .scope S_0x5587d956bc60;
T_6 ;
    %pushi/vec4 0, 0, 32;
    %store/vec4 v0x5587d95aea90_0, 0, 32;
    %pushi/vec4 0, 0, 32;
    %store/vec4 v0x5587d95ae530_0, 0, 32;
    %pushi/vec4 0, 0, 32;
    %store/vec4 v0x5587d95ae430_0, 0, 32;
    %pushi/vec4 1, 0, 1;
    %store/vec4 v0x5587d95af250_0, 0, 1;
    %pushi/vec4 0, 0, 1;
    %store/vec4 v0x5587d95ae610_0, 0, 1;
    %delay 15000, 0;
    %pushi/vec4 0, 0, 1;
    %store/vec4 v0x5587d95af250_0, 0, 1;
    %delay 10000, 0;
    %pushi/vec4 0, 0, 32;
    %store/vec4 v0x5587d95aea90_0, 0, 32;
T_6.0 ;
    %load/vec4 v0x5587d95aea90_0;
    %cmpi/s 10000, 0, 32;
    %jmp/0xz T_6.1, 5;
    %ix/getv/s 4, v0x5587d95aea90_0;
    %load/vec4a v0x5587d95aecc0, 4;
    %store/vec4 v0x5587d95ab5d0_0, 0, 5;
    %ix/getv/s 4, v0x5587d95aea90_0;
    %load/vec4a v0x5587d95aee90, 4;
    %store/vec4 v0x5587d95ab690_0, 0, 5;
    %ix/getv/s 4, v0x5587d95aea90_0;
    %load/vec4a v0x5587d95af730, 4;
    %store/vec4 v0x5587d95aba60_0, 0, 5;
    %ix/getv/s 4, v0x5587d95aea90_0;
    %load/vec4a v0x5587d95af560, 4;
    %store/vec4 v0x5587d95ab980_0, 0, 5;
    %ix/getv/s 4, v0x5587d95aea90_0;
    %load/vec4a v0x5587d95ae9d0, 4;
    %pad/u 6;
    %store/vec4 v0x5587d95ab4f0_0, 0, 6;
    %ix/getv/s 4, v0x5587d95aea90_0;
    %load/vec4a v0x5587d95ae700, 4;
    %store/vec4 v0x5587d95814b0_0, 0, 1;
    %ix/getv/s 4, v0x5587d95aea90_0;
    %load/vec4a v0x5587d95af010, 4;
    %store/vec4 v0x5587d95ab770_0, 0, 32;
    %ix/getv/s 4, v0x5587d95aea90_0;
    %load/vec4a v0x5587d95af190, 4;
    %store/vec4 v0x5587d95ab8a0_0, 0, 32;
    %ix/getv/s 4, v0x5587d95aea90_0;
    %load/vec4a v0x5587d95af8b0, 4;
    %store/vec4 v0x5587d95abb40_0, 0, 32;
    %fork TD_TOP_tb.Test, S_0x5587d95681b0;
    %join;
    %load/vec4 v0x5587d95aea90_0;
    %addi 1, 0, 32;
    %store/vec4 v0x5587d95aea90_0, 0, 32;
    %jmp T_6.0;
T_6.1 ;
    %delay 10000, 0;
    %vpi_call 2 123 "$display", "PASSED = %0d, FAILED = %0d", v0x5587d95ae530_0, v0x5587d95ae430_0 {0 0 0};
    %vpi_call 2 124 "$finish" {0 0 0};
    %end;
    .thread T_6;
# The file index is used to find the file name in the following table.
:file_names 6;
    "N/A";
    "<interactive>";
    "TOP_tb.v";
    "TOP.v";
    "ALU.v";
    "RF.v";
